2022-04-18 20:16:17,944 INFO: result='Sentiment.NEGATIVE', positive_score='0.01', neutral_score='0.45', negative_score='0.54' [in /home/osboxes/WebstormProjects/ITP4121-gcp/inputsqldata/app/azure_ai/text_analytics.py:50]
2022-04-18 20:16:17,944 INFO: 55 [in /home/osboxes/WebstormProjects/ITP4121-gcp/inputsqldata/app/azure_ai/text_analytics.py:51]
2022-04-18 20:16:17,944 INFO: urgency: 109.0 [in /home/osboxes/WebstormProjects/ITP4121-gcp/inputsqldata/app/azure_ai/text_analytics.py:59]
2022-04-18 20:16:18,200 INFO: Today is my happy birthday! 很糟糕 [in /home/osboxes/WebstormProjects/ITP4121-gcp/inputsqldata/app/azure_ai/text_analytics.py:49]
2022-04-18 20:16:18,201 INFO: result='Sentiment.POSITIVE', positive_score='0.87', neutral_score='0.1', negative_score='0.03' [in /home/osboxes/WebstormProjects/ITP4121-gcp/inputsqldata/app/azure_ai/text_analytics.py:50]
2022-04-18 20:16:18,201 INFO: 26 [in /home/osboxes/WebstormProjects/ITP4121-gcp/inputsqldata/app/azure_ai/text_analytics.py:51]
2022-04-18 20:16:18,201 INFO: urgency: -17.5 [in /home/osboxes/WebstormProjects/ITP4121-gcp/inputsqldata/app/azure_ai/text_analytics.py:59]
2022-04-18 20:16:18,477 INFO: Today is Monday I am poor! 很不開心！ I am good! [in /home/osboxes/WebstormProjects/ITP4121-gcp/inputsqldata/app/azure_ai/text_analytics.py:49]
2022-04-18 20:16:18,477 INFO: result='Sentiment.MIXED', positive_score='0.5', neutral_score='0.01', negative_score='0.49' [in /home/osboxes/WebstormProjects/ITP4121-gcp/inputsqldata/app/azure_ai/text_analytics.py:50]
2022-04-18 20:16:18,477 INFO: 34 [in /home/osboxes/WebstormProjects/ITP4121-gcp/inputsqldata/app/azure_ai/text_analytics.py:51]
2022-04-18 20:16:18,477 INFO: urgency: 33.5 [in /home/osboxes/WebstormProjects/ITP4121-gcp/inputsqldata/app/azure_ai/text_analytics.py:59]
2022-04-18 20:16:18,750 INFO: 這是一隻貓 Today is Monday [in /home/osboxes/WebstormProjects/ITP4121-gcp/inputsqldata/app/azure_ai/text_analytics.py:49]
2022-04-18 20:16:18,750 INFO: result='Sentiment.NEUTRAL', positive_score='0.15', neutral_score='0.81', negative_score='0.03' [in /home/osboxes/WebstormProjects/ITP4121-gcp/inputsqldata/app/azure_ai/text_analytics.py:50]
2022-04-18 20:16:18,751 INFO: 18 [in /home/osboxes/WebstormProjects/ITP4121-gcp/inputsqldata/app/azure_ai/text_analytics.py:51]
2022-04-18 20:16:18,751 INFO: urgency: 12.0 [in /home/osboxes/WebstormProjects/ITP4121-gcp/inputsqldata/app/azure_ai/text_analytics.py:59]
2022-04-18 20:16:18,921 INFO: My mother is in sick! 很不開心！ [in /home/osboxes/WebstormProjects/ITP4121-gcp/inputsqldata/app/azure_ai/text_analytics.py:49]
2022-04-18 20:16:18,921 INFO: result='Sentiment.MIXED', positive_score='0.27', neutral_score='0.22', negative_score='0.51' [in /home/osboxes/WebstormProjects/ITP4121-gcp/inputsqldata/app/azure_ai/text_analytics.py:50]
2022-04-18 20:16:18,921 INFO: 22 [in /home/osboxes/WebstormProjects/ITP4121-gcp/inputsqldata/app/azure_ai/text_analytics.py:51]
2022-04-18 20:16:18,922 INFO: urgency: 34.0 [in /home/osboxes/WebstormProjects/ITP4121-gcp/inputsqldata/app/azure_ai/text_analytics.py:59]
2022-04-18 20:16:19,189 INFO: 我媽媽生病了！ it is very nice! My father is dead! [in /home/osboxes/WebstormProjects/ITP4121-gcp/inputsqldata/app/azure_ai/text_analytics.py:49]
2022-04-18 20:16:19,190 INFO: result='Sentiment.MIXED', positive_score='0.51', neutral_score='0.04', negative_score='0.45' [in /home/osboxes/WebstormProjects/ITP4121-gcp/inputsqldata/app/azure_ai/text_analytics.py:50]
2022-04-18 20:16:19,190 INFO: 35 [in /home/osboxes/WebstormProjects/ITP4121-gcp/inputsqldata/app/azure_ai/text_analytics.py:51]
2022-04-18 20:16:19,190 INFO: urgency: 32.0 [in /home/osboxes/WebstormProjects/ITP4121-gcp/inputsqldata/app/azure_ai/text_analytics.py:59]
